<?xml version="1.0" encoding="UTF-8"?>
<!-- Generated by org.testng.reporters.JUnitReportReporter -->
<testsuite skipped="0" hostname="DESKTOP-KG1G495" name="testCases.TC_EndToEnd" tests="1" failures="0" timestamp="23 Mar 2019 04:23:06 GMT" time="8.089" errors="0">
  <testcase name="BrowserInvoke" time="8.089" classname="testCases.TC_EndToEnd"/>
</testsuite> <!-- testCases.TC_EndToEnd -->
