<?xml version="1.0" encoding="UTF-8"?>
<!-- Generated by org.testng.reporters.JUnitReportReporter -->
<testsuite skipped="0" hostname="DESKTOP-KG1G495" name="testCases.Tc_DataFromEXCEL" tests="7" failures="0" timestamp="23 Mar 2019 05:07:10 GMT" time="32.286" errors="0">
  <testcase name="LoadBrowser" time="3.473" classname="testCases.Tc_DataFromEXCEL"/>
  <testcase name="LoadingURLFromEXCEL" time="4.231" classname="testCases.Tc_DataFromEXCEL"/>
  <testcase name="LoginToApp" time="4.673" classname="testCases.Tc_DataFromEXCEL"/>
  <testcase name="Flight_Details" time="1.661" classname="testCases.Tc_DataFromEXCEL"/>
  <testcase name="SelectingFlights" time="1.738" classname="testCases.Tc_DataFromEXCEL"/>
  <testcase name="PassengerDetails" time="15.785" classname="testCases.Tc_DataFromEXCEL"/>
  <testcase name="quitAll" time="0.725" classname="testCases.Tc_DataFromEXCEL"/>
</testsuite> <!-- testCases.Tc_DataFromEXCEL -->
